<?xml version="1.0" encoding="UTF-8"?>
<testsuite xmlns:xsi="http://www.w3.org/2001/XMLSchema-instance" xsi:noNamespaceSchemaLocation="https://maven.apache.org/surefire/maven-surefire-plugin/xsd/surefire-test-report.xsd" name="com.ds.search.BinarySearchTest" time="0.005" tests="3" errors="0" skipped="0" failures="0">
  <properties>
[...]
</properties>
  <testcase name="binarySearchTest1" classname="com.ds.search.BinarySearchTest" time="0.001"/>
  <testcase name="binarySearchTest" classname="com.ds.search.BinarySearchTest" time="0"/>
  <testcase name="leftMostindex" classname="com.ds.search.BinarySearchTest" time="0"/>
</testsuite>